\BOOKMARK [0][]{chapter*.1}{Acknowledgements}{}% 1
\BOOKMARK [0][]{section*.2}{Contents}{}% 2
\BOOKMARK [0][]{chapter*.3}{Abstract}{}% 3
\BOOKMARK [0][]{chapter.1}{1 Introduction}{}% 4
\BOOKMARK [0][]{chapter.2}{2 Three Dimensional Visualization and Web Development}{}% 5
\BOOKMARK [1][-]{section.2.1}{2.1 Algorithms}{chapter.2}% 6
\BOOKMARK [2][-]{subsection.2.1.1}{2.1.1 Marching Cubes Algorithm}{section.2.1}% 7
\BOOKMARK [1][-]{section.2.2}{2.2 File Types}{chapter.2}% 8
\BOOKMARK [2][-]{subsection.2.2.1}{2.2.1 Shapefile}{section.2.2}% 9
\BOOKMARK [2][-]{subsection.2.2.2}{2.2.2 ODA files}{section.2.2}% 10
\BOOKMARK [2][-]{subsection.2.2.3}{2.2.3 APA file}{section.2.2}% 11
\BOOKMARK [2][-]{subsection.2.2.4}{2.2.4 CSV file}{section.2.2}% 12
\BOOKMARK [1][-]{section.2.3}{2.3 Rendering and Output}{chapter.2}% 13
\BOOKMARK [2][-]{subsection.2.3.1}{2.3.1 Rendering Basics}{section.2.3}% 14
\BOOKMARK [2][-]{subsection.2.3.2}{2.3.2 Three.js WebGL Framework}{section.2.3}% 15
\BOOKMARK [2][-]{subsection.2.3.3}{2.3.3 Possible Renderman Pipline \(?\)}{section.2.3}% 16
\BOOKMARK [0][]{chapter.3}{3 System Architecture}{}% 17
\BOOKMARK [1][-]{section.3.1}{3.1 System Requirements}{chapter.3}% 18
\BOOKMARK [2][-]{subsection.3.1.1}{3.1.1 Hardware Requirements}{section.3.1}% 19
\BOOKMARK [2][-]{subsection.3.1.2}{3.1.2 Software Requirements}{section.3.1}% 20
\BOOKMARK [1][-]{section.3.2}{3.2 Architectural Design}{chapter.3}% 21
\BOOKMARK [2][-]{subsection.3.2.1}{3.2.1 Initial JavaScript code}{section.3.2}% 22
\BOOKMARK [2][-]{subsection.3.2.2}{3.2.2 Frontend \205 Backend}{section.3.2}% 23
\BOOKMARK [0][]{chapter.4}{4 Implementation}{}% 24
\BOOKMARK [1][-]{section.4.1}{4.1 Datastructures}{chapter.4}% 25
\BOOKMARK [2][-]{subsection.4.1.1}{4.1.1 Four Dimensional Arrays}{section.4.1}% 26
\BOOKMARK [2][-]{subsection.4.1.2}{4.1.2 Data Point Object}{section.4.1}% 27
\BOOKMARK [1][-]{section.4.2}{4.2 Important algorithms and routines}{chapter.4}% 28
\BOOKMARK [2][-]{subsection.4.2.1}{4.2.1 The Ajax Loader}{section.4.2}% 29
\BOOKMARK [2][-]{subsection.4.2.2}{4.2.2 Filling Simulation data}{section.4.2}% 30
\BOOKMARK [2][-]{subsection.4.2.3}{4.2.3 The Marching Cubes Algorithm}{section.4.2}% 31
\BOOKMARK [2][-]{subsection.4.2.4}{4.2.4 Inverse Distance Interpolation}{section.4.2}% 32
\BOOKMARK [1][-]{section.4.3}{4.3 Description of Important Procedures}{chapter.4}% 33
\BOOKMARK [2][-]{subsection.4.3.1}{4.3.1 GUI}{section.4.3}% 34
\BOOKMARK [2][-]{subsection.4.3.2}{4.3.2 Registering and Loading Data}{section.4.3}% 35
\BOOKMARK [2][-]{subsection.4.3.3}{4.3.3 Displaying Measurement Data}{section.4.3}% 36
\BOOKMARK [2][-]{subsection.4.3.4}{4.3.4 Displaying Simulation Data}{section.4.3}% 37
\BOOKMARK [0][]{chapter.5}{5 Evaluation}{}% 38
\BOOKMARK [0][]{appendix.A}{A Code Fragments}{}% 39
\BOOKMARK [0][]{appendix.B}{B Abbreviations}{}% 40
\BOOKMARK [0][]{section*.4}{List of Tables}{}% 41
\BOOKMARK [0][]{section*.5}{List of Figures}{}% 42
\BOOKMARK [0][]{section*.7}{Bibliography}{}% 43
\BOOKMARK [0][]{section*.7}{Declaration}{}% 44
